  telefonszam_proba.cpp
  Telefonszam.cpp
d:\documents\github\proghazi_4\telefonkonyv\telefonszam.cpp(26): warning C4244: '=': conversion from '__int64' to 'int', possible loss of data
d:\documents\github\proghazi_4\telefonkonyv\telefonszam.cpp(30): warning C4244: '=': conversion from '__int64' to 'int', possible loss of data
d:\documents\github\proghazi_4\telefonkonyv\telefonszam.cpp(34): warning C4244: '=': conversion from '__int64' to 'int', possible loss of data
d:\documents\github\proghazi_4\telefonkonyv\telefonszam.cpp(42): warning C4244: '=': conversion from '__int64' to 'int', possible loss of data
d:\documents\github\proghazi_4\telefonkonyv\telefonszam.cpp(47): warning C4244: '=': conversion from '__int64' to 'int', possible loss of data
d:\documents\github\proghazi_4\telefonkonyv\telefonszam.cpp(51): warning C4244: '=': conversion from '__int64' to 'int', possible loss of data
  Source.cpp
  Sajat_string_proba.cpp
  Sajat_string.cpp
d:\documents\github\proghazi_4\telefonkonyv\sajat_string.cpp(15): warning C4267: '=': conversion from 'size_t' to 'unsigned int', possible loss of data
d:\documents\github\proghazi_4\telefonkonyv\sajat_string.cpp(29): warning C4635: XML document comment applied to 'String.op_Subscript(System.UInt32)': badly-formed XML: Only one top level element is allowed in an XML document.
  
  memtrace.cpp
  lista_proba.cpp
  lista.cpp
  Jatek.cpp
  Contact_proba.cpp
  Contact.cpp
  Generating Code...
  Telefonkonyv.vcxproj -> D:\Documents\GitHub\Proghazi_4\x64\Debug\Telefonkonyv.exe
  Telefonkonyv.vcxproj -> D:\Documents\GitHub\Proghazi_4\x64\Debug\Telefonkonyv.pdb (Partial PDB)
